<?xml version="1.0" encoding="UTF-8"?>
<testng-results skipped="0" failed="0" total="1" passed="1">
  <reporter-output>
  </reporter-output>
  <suite name="Suite" duration-ms="7877" started-at="2019-03-14T06:27:49Z" finished-at="2019-03-14T06:27:57Z">
    <groups>
    </groups>
    <test name="Test" duration-ms="7877" started-at="2019-03-14T06:27:49Z" finished-at="2019-03-14T06:27:57Z">
      <class name="testBaidu.testBaidu">
        <test-method status="PASS" signature="openfire()[pri:0, instance:testBaidu.testBaidu@1c2c22f3]" name="openfire" is-config="true" duration-ms="6280" started-at="2019-03-14T14:27:49Z" finished-at="2019-03-14T14:27:56Z">
          <reporter-output>
          </reporter-output>
        </test-method> <!-- openfire -->
        <test-method status="PASS" signature="login()[pri:0, instance:testBaidu.testBaidu@1c2c22f3]" name="login" duration-ms="1579" started-at="2019-03-14T14:27:56Z" finished-at="2019-03-14T14:27:57Z">
          <reporter-output>
          </reporter-output>
        </test-method> <!-- login -->
      </class> <!-- testBaidu.testBaidu -->
    </test> <!-- Test -->
  </suite> <!-- Suite -->
</testng-results>
